{"message":"expected one of `!`, `::`, `;`, or `}`, found `,`","code":null,"level":"error","spans":[{"file_name":"blogp/src/lib.rs","byte_start":450,"byte_end":451,"line_start":16,"line_end":16,"column_start":39,"column_end":40,"is_primary":true,"text":[{"text":"        state : Option<Box<dyn State>>,","highlight_start":39,"highlight_end":40}],"label":"expected one of `!`, `::`, `;`, or `}` here","suggested_replacement":null,"suggestion_applicability":null,"expansion":null}],"children":[{"message":"maybe write a path separator here","code":null,"level":"help","spans":[{"file_name":"blogp/src/lib.rs","byte_start":426,"byte_end":427,"line_start":16,"line_end":16,"column_start":15,"column_end":16,"is_primary":true,"text":[{"text":"        state : Option<Box<dyn State>>,","highlight_start":15,"highlight_end":16}],"label":null,"suggested_replacement":"::","suggestion_applicability":"MachineApplicable","expansion":null}],"children":[],"rendered":null}],"rendered":"\u001b[0m\u001b[1m\u001b[38;5;9merror\u001b[0m\u001b[0m\u001b[1m: expected one of `!`, `::`, `;`, or `}`, found `,`\u001b[0m\n\u001b[0m  \u001b[0m\u001b[0m\u001b[1m\u001b[38;5;12m--> \u001b[0m\u001b[0mblogp/src/lib.rs:16:39\u001b[0m\n\u001b[0m   \u001b[0m\u001b[0m\u001b[1m\u001b[38;5;12m|\u001b[0m\n\u001b[0m\u001b[1m\u001b[38;5;12m16\u001b[0m\u001b[0m \u001b[0m\u001b[0m\u001b[1m\u001b[38;5;12m| \u001b[0m\u001b[0m        state : Option<Box<dyn State>>,\u001b[0m\n\u001b[0m   \u001b[0m\u001b[0m\u001b[1m\u001b[38;5;12m| \u001b[0m\u001b[0m              \u001b[0m\u001b[0m\u001b[1m\u001b[38;5;12m-\u001b[0m\u001b[0m                       \u001b[0m\u001b[0m\u001b[1m\u001b[38;5;9m^\u001b[0m\u001b[0m \u001b[0m\u001b[0m\u001b[1m\u001b[38;5;9mexpected one of `!`, `::`, `;`, or `}` here\u001b[0m\n\u001b[0m   \u001b[0m\u001b[0m\u001b[1m\u001b[38;5;12m| \u001b[0m\u001b[0m              \u001b[0m\u001b[0m\u001b[1m\u001b[38;5;12m|\u001b[0m\n\u001b[0m   \u001b[0m\u001b[0m\u001b[1m\u001b[38;5;12m| \u001b[0m\u001b[0m              \u001b[0m\u001b[0m\u001b[1m\u001b[38;5;12mhelp: maybe write a path separator here: `::`\u001b[0m\n\n"}
{"message":"expected `::`, found `)`","code":null,"level":"error","spans":[{"file_name":"blogp/src/lib.rs","byte_start":1754,"byte_end":1755,"line_start":60,"line_end":60,"column_start":40,"column_end":41,"is_primary":true,"text":[{"text":"    fn request_review(self: <Box<Self>>) -> Box<dyn State>{","highlight_start":40,"highlight_end":41}],"label":"expected `::`","suggested_replacement":null,"suggestion_applicability":null,"expansion":null}],"children":[],"rendered":"\u001b[0m\u001b[1m\u001b[38;5;9merror\u001b[0m\u001b[0m\u001b[1m: expected `::`, found `)`\u001b[0m\n\u001b[0m  \u001b[0m\u001b[0m\u001b[1m\u001b[38;5;12m--> \u001b[0m\u001b[0mblogp/src/lib.rs:60:40\u001b[0m\n\u001b[0m   \u001b[0m\u001b[0m\u001b[1m\u001b[38;5;12m|\u001b[0m\n\u001b[0m\u001b[1m\u001b[38;5;12m60\u001b[0m\u001b[0m \u001b[0m\u001b[0m\u001b[1m\u001b[38;5;12m| \u001b[0m\u001b[0m    fn request_review(self: <Box<Self>>) -> Box<dyn State>{\u001b[0m\n\u001b[0m   \u001b[0m\u001b[0m\u001b[1m\u001b[38;5;12m| \u001b[0m\u001b[0m                                       \u001b[0m\u001b[0m\u001b[1m\u001b[38;5;9m^\u001b[0m\u001b[0m \u001b[0m\u001b[0m\u001b[1m\u001b[38;5;9mexpected `::`\u001b[0m\n\n"}
{"message":"expected `::`, found `)`","code":null,"level":"error","spans":[{"file_name":"blogp/src/lib.rs","byte_start":1987,"byte_end":1988,"line_start":74,"line_end":74,"column_start":40,"column_end":41,"is_primary":true,"text":[{"text":"    fn request_review(self: <Box<Self>>) -> Box<dyn State>{","highlight_start":40,"highlight_end":41}],"label":"expected `::`","suggested_replacement":null,"suggestion_applicability":null,"expansion":null}],"children":[],"rendered":"\u001b[0m\u001b[1m\u001b[38;5;9merror\u001b[0m\u001b[0m\u001b[1m: expected `::`, found `)`\u001b[0m\n\u001b[0m  \u001b[0m\u001b[0m\u001b[1m\u001b[38;5;12m--> \u001b[0m\u001b[0mblogp/src/lib.rs:74:40\u001b[0m\n\u001b[0m   \u001b[0m\u001b[0m\u001b[1m\u001b[38;5;12m|\u001b[0m\n\u001b[0m\u001b[1m\u001b[38;5;12m74\u001b[0m\u001b[0m \u001b[0m\u001b[0m\u001b[1m\u001b[38;5;12m| \u001b[0m\u001b[0m    fn request_review(self: <Box<Self>>) -> Box<dyn State>{\u001b[0m\n\u001b[0m   \u001b[0m\u001b[0m\u001b[1m\u001b[38;5;12m| \u001b[0m\u001b[0m                                       \u001b[0m\u001b[0m\u001b[1m\u001b[38;5;9m^\u001b[0m\u001b[0m \u001b[0m\u001b[0m\u001b[1m\u001b[38;5;9mexpected `::`\u001b[0m\n\n"}
{"message":"cannot find type `Post` in this scope","code":{"code":"E0412","explanation":"\nThe type name used is not in scope.\n\nErroneous code examples:\n\n```compile_fail,E0412\nimpl Something {} // error: type name `Something` is not in scope\n\n// or:\n\ntrait Foo {\n    fn bar(N); // error: type name `N` is not in scope\n}\n\n// or:\n\nfn foo(x: T) {} // type name `T` is not in scope\n```\n\nTo fix this error, please verify you didn't misspell the type name, you did\ndeclare it or imported it into the scope. Examples:\n\n```\nstruct Something;\n\nimpl Something {} // ok!\n\n// or:\n\ntrait Foo {\n    type N;\n\n    fn bar(_: Self::N); // ok!\n}\n\n// or:\n\nfn foo<T>(x: T) {} // ok!\n```\n\nAnother case that causes this error is when a type is imported into a parent\nmodule. To fix this, you can follow the suggestion and use File directly or\n`use super::File;` which will import the types from the parent namespace. An\nexample that causes this error is below:\n\n```compile_fail,E0412\nuse std::fs::File;\n\nmod foo {\n    fn some_function(f: File) {}\n}\n```\n\n```\nuse std::fs::File;\n\nmod foo {\n    // either\n    use super::File;\n    // or\n    // use std::fs::File;\n    fn foo(f: File) {}\n}\n# fn main() {} // don't insert it for us; that'll break imports\n```\n"},"level":"error","spans":[{"file_name":"blogp/src/lib.rs","byte_start":103,"byte_end":107,"line_start":11,"line_end":11,"column_start":6,"column_end":10,"is_primary":true,"text":[{"text":"impl Post {","highlight_start":6,"highlight_end":10}],"label":"not found in this scope","suggested_replacement":null,"suggestion_applicability":null,"expansion":null}],"children":[],"rendered":"\u001b[0m\u001b[1m\u001b[38;5;9merror[E0412]\u001b[0m\u001b[0m\u001b[1m: cannot find type `Post` in this scope\u001b[0m\n\u001b[0m  \u001b[0m\u001b[0m\u001b[1m\u001b[38;5;12m--> \u001b[0m\u001b[0mblogp/src/lib.rs:11:6\u001b[0m\n\u001b[0m   \u001b[0m\u001b[0m\u001b[1m\u001b[38;5;12m|\u001b[0m\n\u001b[0m\u001b[1m\u001b[38;5;12m11\u001b[0m\u001b[0m \u001b[0m\u001b[0m\u001b[1m\u001b[38;5;12m| \u001b[0m\u001b[0mimpl Post {\u001b[0m\n\u001b[0m   \u001b[0m\u001b[0m\u001b[1m\u001b[38;5;12m| \u001b[0m\u001b[0m     \u001b[0m\u001b[0m\u001b[1m\u001b[38;5;9m^^^^\u001b[0m\u001b[0m \u001b[0m\u001b[0m\u001b[1m\u001b[38;5;9mnot found in this scope\u001b[0m\n\n"}
{"message":"cannot find type `Post` in this scope","code":{"code":"E0412","explanation":"\nThe type name used is not in scope.\n\nErroneous code examples:\n\n```compile_fail,E0412\nimpl Something {} // error: type name `Something` is not in scope\n\n// or:\n\ntrait Foo {\n    fn bar(N); // error: type name `N` is not in scope\n}\n\n// or:\n\nfn foo(x: T) {} // type name `T` is not in scope\n```\n\nTo fix this error, please verify you didn't misspell the type name, you did\ndeclare it or imported it into the scope. Examples:\n\n```\nstruct Something;\n\nimpl Something {} // ok!\n\n// or:\n\ntrait Foo {\n    type N;\n\n    fn bar(_: Self::N); // ok!\n}\n\n// or:\n\nfn foo<T>(x: T) {} // ok!\n```\n\nAnother case that causes this error is when a type is imported into a parent\nmodule. To fix this, you can follow the suggestion and use File directly or\n`use super::File;` which will import the types from the parent namespace. An\nexample that causes this error is below:\n\n```compile_fail,E0412\nuse std::fs::File;\n\nmod foo {\n    fn some_function(f: File) {}\n}\n```\n\n```\nuse std::fs::File;\n\nmod foo {\n    // either\n    use super::File;\n    // or\n    // use std::fs::File;\n    fn foo(f: File) {}\n}\n# fn main() {} // don't insert it for us; that'll break imports\n```\n"},"level":"error","spans":[{"file_name":"blogp/src/lib.rs","byte_start":1633,"byte_end":1637,"line_start":49,"line_end":49,"column_start":37,"column_end":41,"is_primary":true,"text":[{"text":"    fn content<'a>(&self, post: &'a Post) -> &'a str {","highlight_start":37,"highlight_end":41}],"label":"not found in this scope","suggested_replacement":null,"suggestion_applicability":null,"expansion":null}],"children":[],"rendered":"\u001b[0m\u001b[1m\u001b[38;5;9merror[E0412]\u001b[0m\u001b[0m\u001b[1m: cannot find type `Post` in this scope\u001b[0m\n\u001b[0m  \u001b[0m\u001b[0m\u001b[1m\u001b[38;5;12m--> \u001b[0m\u001b[0mblogp/src/lib.rs:49:37\u001b[0m\n\u001b[0m   \u001b[0m\u001b[0m\u001b[1m\u001b[38;5;12m|\u001b[0m\n\u001b[0m\u001b[1m\u001b[38;5;12m49\u001b[0m\u001b[0m \u001b[0m\u001b[0m\u001b[1m\u001b[38;5;12m| \u001b[0m\u001b[0m    fn content<'a>(&self, post: &'a Post) -> &'a str {\u001b[0m\n\u001b[0m   \u001b[0m\u001b[0m\u001b[1m\u001b[38;5;12m| \u001b[0m\u001b[0m                                    \u001b[0m\u001b[0m\u001b[1m\u001b[38;5;9m^^^^\u001b[0m\u001b[0m \u001b[0m\u001b[0m\u001b[1m\u001b[38;5;9mnot found in this scope\u001b[0m\n\n"}
{"message":"expected value, found module `self`","code":{"code":"E0424","explanation":"\nThe `self` keyword was used inside of an associated function without a \"`self`\nreceiver\" parameter.\n\nErroneous code example:\n\n```compile_fail,E0424\nstruct Foo;\n\nimpl Foo {\n    // `bar` is a method, because it has a receiver parameter.\n    fn bar(&self) {}\n\n    // `foo` is not a method, because it has no receiver parameter.\n    fn foo() {\n        self.bar(); // error: `self` value is a keyword only available in\n                    //        methods with a `self` parameter\n    }\n}\n```\n\nThe `self` keyword can only be used inside methods, which are associated\nfunctions (functions defined inside of a `trait` or `impl` block) that have a\n`self` receiver as its first parameter, like `self`, `&self`, `&mut self` or\n`self: &mut Pin<Self>` (this last one is an example of an [\"abitrary `self`\ntype\"](https://github.com/rust-lang/rust/issues/44874)).\n\nCheck if the associated function's parameter list should have contained a `self`\nreceiver for it to be a method, and add it if so. Example:\n\n```\nstruct Foo;\n\nimpl Foo {\n    fn bar(&self) {}\n\n    fn foo(self) { // `foo` is now a method.\n        self.bar(); // ok!\n    }\n}\n```\n"},"level":"error","spans":[{"file_name":"blogp/src/lib.rs","byte_start":2016,"byte_end":2020,"line_start":75,"line_end":75,"column_start":9,"column_end":13,"is_primary":true,"text":[{"text":"        self","highlight_start":9,"highlight_end":13}],"label":"`self` value is a keyword only available in methods with a `self` parameter","suggested_replacement":null,"suggestion_applicability":null,"expansion":null},{"file_name":"blogp/src/lib.rs","byte_start":1952,"byte_end":2026,"line_start":74,"line_end":76,"column_start":5,"column_end":6,"is_primary":false,"text":[{"text":"    fn request_review(self: <Box<Self>>) -> Box<dyn State>{","highlight_start":5,"highlight_end":60},{"text":"        self","highlight_start":1,"highlight_end":13},{"text":"    }","highlight_start":1,"highlight_end":6}],"label":"this function doesn't have a `self` parameter","suggested_replacement":null,"suggestion_applicability":null,"expansion":null}],"children":[],"rendered":"\u001b[0m\u001b[1m\u001b[38;5;9merror[E0424]\u001b[0m\u001b[0m\u001b[1m: expected value, found module `self`\u001b[0m\n\u001b[0m  \u001b[0m\u001b[0m\u001b[1m\u001b[38;5;12m--> \u001b[0m\u001b[0mblogp/src/lib.rs:75:9\u001b[0m\n\u001b[0m   \u001b[0m\u001b[0m\u001b[1m\u001b[38;5;12m|\u001b[0m\n\u001b[0m\u001b[1m\u001b[38;5;12m74\u001b[0m\u001b[0m \u001b[0m\u001b[0m\u001b[1m\u001b[38;5;12m| \u001b[0m\u001b[0m\u001b[1m\u001b[38;5;12m/\u001b[0m\u001b[0m \u001b[0m\u001b[0m    fn request_review(self: <Box<Self>>) -> Box<dyn State>{\u001b[0m\n\u001b[0m\u001b[1m\u001b[38;5;12m75\u001b[0m\u001b[0m \u001b[0m\u001b[0m\u001b[1m\u001b[38;5;12m| \u001b[0m\u001b[0m\u001b[1m\u001b[38;5;12m|\u001b[0m\u001b[0m \u001b[0m\u001b[0m        self\u001b[0m\n\u001b[0m   \u001b[0m\u001b[0m\u001b[1m\u001b[38;5;12m| \u001b[0m\u001b[0m\u001b[1m\u001b[38;5;12m|\u001b[0m\u001b[0m         \u001b[0m\u001b[0m\u001b[1m\u001b[38;5;9m^^^^\u001b[0m\u001b[0m \u001b[0m\u001b[0m\u001b[1m\u001b[38;5;9m`self` value is a keyword only available in methods with a `self` parameter\u001b[0m\n\u001b[0m\u001b[1m\u001b[38;5;12m76\u001b[0m\u001b[0m \u001b[0m\u001b[0m\u001b[1m\u001b[38;5;12m| \u001b[0m\u001b[0m\u001b[1m\u001b[38;5;12m|\u001b[0m\u001b[0m \u001b[0m\u001b[0m    }\u001b[0m\n\u001b[0m   \u001b[0m\u001b[0m\u001b[1m\u001b[38;5;12m| \u001b[0m\u001b[0m\u001b[1m\u001b[38;5;12m|_____-\u001b[0m\u001b[0m \u001b[0m\u001b[0m\u001b[1m\u001b[38;5;12mthis function doesn't have a `self` parameter\u001b[0m\n\n"}
{"message":"cannot find type `Post` in this scope","code":{"code":"E0412","explanation":"\nThe type name used is not in scope.\n\nErroneous code examples:\n\n```compile_fail,E0412\nimpl Something {} // error: type name `Something` is not in scope\n\n// or:\n\ntrait Foo {\n    fn bar(N); // error: type name `N` is not in scope\n}\n\n// or:\n\nfn foo(x: T) {} // type name `T` is not in scope\n```\n\nTo fix this error, please verify you didn't misspell the type name, you did\ndeclare it or imported it into the scope. Examples:\n\n```\nstruct Something;\n\nimpl Something {} // ok!\n\n// or:\n\ntrait Foo {\n    type N;\n\n    fn bar(_: Self::N); // ok!\n}\n\n// or:\n\nfn foo<T>(x: T) {} // ok!\n```\n\nAnother case that causes this error is when a type is imported into a parent\nmodule. To fix this, you can follow the suggestion and use File directly or\n`use super::File;` which will import the types from the parent namespace. An\nexample that causes this error is below:\n\n```compile_fail,E0412\nuse std::fs::File;\n\nmod foo {\n    fn some_function(f: File) {}\n}\n```\n\n```\nuse std::fs::File;\n\nmod foo {\n    // either\n    use super::File;\n    // or\n    // use std::fs::File;\n    fn foo(f: File) {}\n}\n# fn main() {} // don't insert it for us; that'll break imports\n```\n"},"level":"error","spans":[{"file_name":"blogp/src/lib.rs","byte_start":2356,"byte_end":2360,"line_start":95,"line_end":95,"column_start":37,"column_end":41,"is_primary":true,"text":[{"text":"    fn content<'a>(&self, post: &'a Post) -> &'a str {","highlight_start":37,"highlight_end":41}],"label":"not found in this scope","suggested_replacement":null,"suggestion_applicability":null,"expansion":null}],"children":[],"rendered":"\u001b[0m\u001b[1m\u001b[38;5;9merror[E0412]\u001b[0m\u001b[0m\u001b[1m: cannot find type `Post` in this scope\u001b[0m\n\u001b[0m  \u001b[0m\u001b[0m\u001b[1m\u001b[38;5;12m--> \u001b[0m\u001b[0mblogp/src/lib.rs:95:37\u001b[0m\n\u001b[0m   \u001b[0m\u001b[0m\u001b[1m\u001b[38;5;12m|\u001b[0m\n\u001b[0m\u001b[1m\u001b[38;5;12m95\u001b[0m\u001b[0m \u001b[0m\u001b[0m\u001b[1m\u001b[38;5;12m| \u001b[0m\u001b[0m    fn content<'a>(&self, post: &'a Post) -> &'a str {\u001b[0m\n\u001b[0m   \u001b[0m\u001b[0m\u001b[1m\u001b[38;5;12m| \u001b[0m\u001b[0m                                    \u001b[0m\u001b[0m\u001b[1m\u001b[38;5;9m^^^^\u001b[0m\u001b[0m \u001b[0m\u001b[0m\u001b[1m\u001b[38;5;9mnot found in this scope\u001b[0m\n\n"}
{"message":"method `request_review` has a `self: std::boxed::Box<Self>` declaration in the trait, but not in the impl","code":{"code":"E0186","explanation":"\nAn associated function for a trait was defined to be a method (i.e., to take a\n`self` parameter), but an implementation of the trait declared the same function\nto be static.\n\nHere's an example of this error:\n\n```compile_fail,E0186\ntrait Foo {\n    fn foo(&self);\n}\n\nstruct Bar;\n\nimpl Foo for Bar {\n    // error, method `foo` has a `&self` declaration in the trait, but not in\n    // the impl\n    fn foo() {}\n}\n```\n"},"level":"error","spans":[{"file_name":"blogp/src/lib.rs","byte_start":1719,"byte_end":1773,"line_start":60,"line_end":60,"column_start":5,"column_end":59,"is_primary":true,"text":[{"text":"    fn request_review(self: <Box<Self>>) -> Box<dyn State>{","highlight_start":5,"highlight_end":59}],"label":"expected `self: std::boxed::Box<Self>` in impl","suggested_replacement":null,"suggestion_applicability":null,"expansion":null},{"file_name":"blogp/src/lib.rs","byte_start":1301,"byte_end":1354,"line_start":45,"line_end":45,"column_start":5,"column_end":58,"is_primary":false,"text":[{"text":"    fn request_review(self: Box<Self>) -> Box<dyn State>;","highlight_start":5,"highlight_end":58}],"label":"`self: std::boxed::Box<Self>` used in trait","suggested_replacement":null,"suggestion_applicability":null,"expansion":null}],"children":[],"rendered":"\u001b[0m\u001b[1m\u001b[38;5;9merror[E0186]\u001b[0m\u001b[0m\u001b[1m: method `request_review` has a `self: std::boxed::Box<Self>` declaration in the trait, but not in the impl\u001b[0m\n\u001b[0m  \u001b[0m\u001b[0m\u001b[1m\u001b[38;5;12m--> \u001b[0m\u001b[0mblogp/src/lib.rs:60:5\u001b[0m\n\u001b[0m   \u001b[0m\u001b[0m\u001b[1m\u001b[38;5;12m|\u001b[0m\n\u001b[0m\u001b[1m\u001b[38;5;12m45\u001b[0m\u001b[0m \u001b[0m\u001b[0m\u001b[1m\u001b[38;5;12m| \u001b[0m\u001b[0m    fn request_review(self: Box<Self>) -> Box<dyn State>;\u001b[0m\n\u001b[0m   \u001b[0m\u001b[0m\u001b[1m\u001b[38;5;12m| \u001b[0m\u001b[0m    \u001b[0m\u001b[0m\u001b[1m\u001b[38;5;12m-----------------------------------------------------\u001b[0m\u001b[0m \u001b[0m\u001b[0m\u001b[1m\u001b[38;5;12m`self: std::boxed::Box<Self>` used in trait\u001b[0m\n\u001b[0m\u001b[1m\u001b[38;5;12m...\u001b[0m\n\u001b[0m\u001b[1m\u001b[38;5;12m60\u001b[0m\u001b[0m \u001b[0m\u001b[0m\u001b[1m\u001b[38;5;12m| \u001b[0m\u001b[0m    fn request_review(self: <Box<Self>>) -> Box<dyn State>{\u001b[0m\n\u001b[0m   \u001b[0m\u001b[0m\u001b[1m\u001b[38;5;12m| \u001b[0m\u001b[0m    \u001b[0m\u001b[0m\u001b[1m\u001b[38;5;9m^^^^^^^^^^^^^^^^^^^^^^^^^^^^^^^^^^^^^^^^^^^^^^^^^^^^^^\u001b[0m\u001b[0m \u001b[0m\u001b[0m\u001b[1m\u001b[38;5;9mexpected `self: std::boxed::Box<Self>` in impl\u001b[0m\n\n"}
{"message":"method `request_review` has a `self: std::boxed::Box<Self>` declaration in the trait, but not in the impl","code":{"code":"E0186","explanation":"\nAn associated function for a trait was defined to be a method (i.e., to take a\n`self` parameter), but an implementation of the trait declared the same function\nto be static.\n\nHere's an example of this error:\n\n```compile_fail,E0186\ntrait Foo {\n    fn foo(&self);\n}\n\nstruct Bar;\n\nimpl Foo for Bar {\n    // error, method `foo` has a `&self` declaration in the trait, but not in\n    // the impl\n    fn foo() {}\n}\n```\n"},"level":"error","spans":[{"file_name":"blogp/src/lib.rs","byte_start":1952,"byte_end":2006,"line_start":74,"line_end":74,"column_start":5,"column_end":59,"is_primary":true,"text":[{"text":"    fn request_review(self: <Box<Self>>) -> Box<dyn State>{","highlight_start":5,"highlight_end":59}],"label":"expected `self: std::boxed::Box<Self>` in impl","suggested_replacement":null,"suggestion_applicability":null,"expansion":null},{"file_name":"blogp/src/lib.rs","byte_start":1301,"byte_end":1354,"line_start":45,"line_end":45,"column_start":5,"column_end":58,"is_primary":false,"text":[{"text":"    fn request_review(self: Box<Self>) -> Box<dyn State>;","highlight_start":5,"highlight_end":58}],"label":"`self: std::boxed::Box<Self>` used in trait","suggested_replacement":null,"suggestion_applicability":null,"expansion":null}],"children":[],"rendered":"\u001b[0m\u001b[1m\u001b[38;5;9merror[E0186]\u001b[0m\u001b[0m\u001b[1m: method `request_review` has a `self: std::boxed::Box<Self>` declaration in the trait, but not in the impl\u001b[0m\n\u001b[0m  \u001b[0m\u001b[0m\u001b[1m\u001b[38;5;12m--> \u001b[0m\u001b[0mblogp/src/lib.rs:74:5\u001b[0m\n\u001b[0m   \u001b[0m\u001b[0m\u001b[1m\u001b[38;5;12m|\u001b[0m\n\u001b[0m\u001b[1m\u001b[38;5;12m45\u001b[0m\u001b[0m \u001b[0m\u001b[0m\u001b[1m\u001b[38;5;12m| \u001b[0m\u001b[0m    fn request_review(self: Box<Self>) -> Box<dyn State>;\u001b[0m\n\u001b[0m   \u001b[0m\u001b[0m\u001b[1m\u001b[38;5;12m| \u001b[0m\u001b[0m    \u001b[0m\u001b[0m\u001b[1m\u001b[38;5;12m-----------------------------------------------------\u001b[0m\u001b[0m \u001b[0m\u001b[0m\u001b[1m\u001b[38;5;12m`self: std::boxed::Box<Self>` used in trait\u001b[0m\n\u001b[0m\u001b[1m\u001b[38;5;12m...\u001b[0m\n\u001b[0m\u001b[1m\u001b[38;5;12m74\u001b[0m\u001b[0m \u001b[0m\u001b[0m\u001b[1m\u001b[38;5;12m| \u001b[0m\u001b[0m    fn request_review(self: <Box<Self>>) -> Box<dyn State>{\u001b[0m\n\u001b[0m   \u001b[0m\u001b[0m\u001b[1m\u001b[38;5;12m| \u001b[0m\u001b[0m    \u001b[0m\u001b[0m\u001b[1m\u001b[38;5;9m^^^^^^^^^^^^^^^^^^^^^^^^^^^^^^^^^^^^^^^^^^^^^^^^^^^^^^\u001b[0m\u001b[0m \u001b[0m\u001b[0m\u001b[1m\u001b[38;5;9mexpected `self: std::boxed::Box<Self>` in impl\u001b[0m\n\n"}
{"message":"aborting due to 9 previous errors","code":null,"level":"error","spans":[],"children":[],"rendered":"\u001b[0m\u001b[1m\u001b[38;5;9merror\u001b[0m\u001b[0m\u001b[1m: aborting due to 9 previous errors\u001b[0m\n\n"}
{"message":"Some errors have detailed explanations: E0186, E0412, E0424.","code":null,"level":"failure-note","spans":[],"children":[],"rendered":"\u001b[0m\u001b[1mSome errors have detailed explanations: E0186, E0412, E0424.\u001b[0m\n"}
{"message":"For more information about an error, try `rustc --explain E0186`.","code":null,"level":"failure-note","spans":[],"children":[],"rendered":"\u001b[0m\u001b[1mFor more information about an error, try `rustc --explain E0186`.\u001b[0m\n"}
